<?xml version="1.0" encoding="UTF-8" ?>
<testsuite tests="4" failures="0" name="CucumberTest" time="0.065" errors="2" skipped="2">
  <properties>
[...]
</properties>
  <testcase classname="Scenario: client sign up successfully" name="Given Pepito wants to have an account" time="0.014">
    <error message="Cannot locate option with value: Australia
For documentation on this error, please visit: https://selenium.dev/exceptions/#no_such_element
Build info: version: &apos;4.0.0-alpha-4&apos;, revision: &apos;c2d955b49e&apos;
System info: host: &apos;DESKTOP-TKIFE1R&apos;, ip: &apos;192.168.20.160&apos;, os.name: &apos;Windows 10&apos;, os.arch: &apos;amd64&apos;, os.version: &apos;10.0&apos;, java.version: &apos;1.8.0_202&apos;
Driver info: driver.version: unknown" type="org.openqa.selenium.NoSuchElementException">org.openqa.selenium.NoSuchElementException: Cannot locate option with value: Australia
For documentation on this error, please visit: https://selenium.dev/exceptions/#no_such_element
Build info: version: &apos;4.0.0-alpha-4&apos;, revision: &apos;c2d955b49e&apos;
System info: host: &apos;DESKTOP-TKIFE1R&apos;, ip: &apos;192.168.20.160&apos;, os.name: &apos;Windows 10&apos;, os.arch: &apos;amd64&apos;, os.version: &apos;10.0&apos;, java.version: &apos;1.8.0_202&apos;
Driver info: driver.version: unknown
	at org.openqa.selenium.support.ui.Select.findOptionsByValue(Select.java:284)
	at org.openqa.selenium.support.ui.Select.selectByValue(Select.java:187)
	at PageObjects.SignUpPageObject.SelectCountry(SignUpPageObject.java:60)
	at StepDefinitions.pepito_wants_to_have_an_account(StepDefinitions.java:24)
	at ✽.Given Pepito wants to have an account(signup.feature:4)
</error>
    <system-err>SLF4J: Failed to load class &quot;org.slf4j.impl.StaticLoggerBinder&quot;.
SLF4J: Defaulting to no-operation (NOP) logger implementation
SLF4J: See http://www.slf4j.org/codes.html#StaticLoggerBinder for further details.
1676848639487	geckodriver	INFO	Listening on 127.0.0.1:46534
1676848640424	mozrunner::runner	INFO	Running command: &quot;C:\\Program Files\\Mozilla Firefox\\firefox.exe&quot; &quot;--marionette&quot; &quot;-no-remote&quot; &quot;-profile&quot; &quot;C:\\Users\\george\\AppData\\Local\\Temp\\rust_mozprofileCzUyal&quot;
1676848641108	Marionette	INFO	Marionette enabled
1676848641113	Marionette	INFO	Listening on port 50605
Read port: 50605
1676848641337	RemoteAgent	WARN	TLS certificate errors will be ignored for this session
console.warn: SearchSettings: &quot;get: No settings file exists, new profile?&quot; (new NotFoundError(&quot;Could not open the file at C:\\Users\\george\\AppData\\Local\\Temp\\rust_mozprofileCzUyal\\search.json.mozlz4&quot;, (void 0)))
Feb 19, 2023 7:17:23 PM org.openqa.selenium.remote.ProtocolHandshake createSession
INFO: Detected dialect: W3C
JavaScript error: resource://gre/modules/URIFixup.sys.mjs, line 302: NS_ERROR_FAILURE: Should pass a non-null uri
JavaScript warning: https://pagead2.googlesyndication.com/bg/ENhUjQ5Efr1LKcBlRSMtCxEMsPeXm4hb-JW7itjXrRA.js line 2 &gt; eval line 7089 &gt; eval line 1 &gt; eval line 1 &gt; eval, line 1: WEBGL_debug_renderer_info is deprecated in Firefox and will be removed. Please use RENDERER.
JavaScript warning: https://pagead2.googlesyndication.com/bg/ENhUjQ5Efr1LKcBlRSMtCxEMsPeXm4hb-JW7itjXrRA.js line 2 &gt; eval line 2031 &gt; eval line 1 &gt; eval line 1 &gt; eval, line 1: WEBGL_debug_renderer_info is deprecated in Firefox and will be removed. Please use RENDERER.
JavaScript error: , line 0: uncaught exception: 7
JavaScript error: , line 0: uncaught exception: 7
</system-err>
  </testcase>
  <testcase classname="Scenario: client sign up successfully" name="Scenario: client sign up successfully" time="0.017">
    <error message="Cannot locate option with value: Australia
For documentation on this error, please visit: https://selenium.dev/exceptions/#no_such_element
Build info: version: &apos;4.0.0-alpha-4&apos;, revision: &apos;c2d955b49e&apos;
System info: host: &apos;DESKTOP-TKIFE1R&apos;, ip: &apos;192.168.20.160&apos;, os.name: &apos;Windows 10&apos;, os.arch: &apos;amd64&apos;, os.version: &apos;10.0&apos;, java.version: &apos;1.8.0_202&apos;
Driver info: driver.version: unknown" type="org.openqa.selenium.NoSuchElementException">org.openqa.selenium.NoSuchElementException: Cannot locate option with value: Australia
For documentation on this error, please visit: https://selenium.dev/exceptions/#no_such_element
Build info: version: &apos;4.0.0-alpha-4&apos;, revision: &apos;c2d955b49e&apos;
System info: host: &apos;DESKTOP-TKIFE1R&apos;, ip: &apos;192.168.20.160&apos;, os.name: &apos;Windows 10&apos;, os.arch: &apos;amd64&apos;, os.version: &apos;10.0&apos;, java.version: &apos;1.8.0_202&apos;
Driver info: driver.version: unknown
	at org.openqa.selenium.support.ui.Select.findOptionsByValue(Select.java:284)
	at org.openqa.selenium.support.ui.Select.selectByValue(Select.java:187)
	at PageObjects.SignUpPageObject.SelectCountry(SignUpPageObject.java:60)
	at StepDefinitions.pepito_wants_to_have_an_account(StepDefinitions.java:24)
	at ✽.Given Pepito wants to have an account(signup.feature:4)
</error>
  </testcase>
  <testcase classname="Scenario: client sign up successfully" name="When he sends required information to get the account" time="0.017">
    <skipped/>
  </testcase>
  <testcase classname="Scenario: client sign up successfully" name="Then he should be told that the account was created" time="0.017">
    <skipped/>
  </testcase>
</testsuite>