<?xml version="1.0" encoding="UTF-8"?>
<testng-results skipped="0" failed="0" ignored="0" total="1" passed="1">
  <reporter-output>
  </reporter-output>
  <suite name="LoginPageTest" duration-ms="16460" started-at="2023-04-16T23:03:46 BOT" finished-at="2023-04-16T23:04:02 BOT">
    <groups>
    </groups>
    <test name="Command line test" duration-ms="16460" started-at="2023-04-16T23:03:46 BOT" finished-at="2023-04-16T23:04:02 BOT">
      <class name="LoginPageTest">
        <test-method status="PASS" signature="Setup()[pri:0, instance:LoginPageTest@7e0e6aa2]" name="Setup" is-config="true" duration-ms="12835" started-at="2023-04-16T23:03:46 BOT" finished-at="2023-04-16T23:03:58 BOT">
          <reporter-output>
          </reporter-output>
        </test-method> <!-- Setup -->
        <test-method status="PASS" signature="Provide_credentials()[pri:1, instance:LoginPageTest@7e0e6aa2]" name="Provide_credentials" duration-ms="2742" started-at="2023-04-16T23:03:59 BOT" finished-at="2023-04-16T23:04:01 BOT">
          <reporter-output>
          </reporter-output>
        </test-method> <!-- Provide_credentials -->
        <test-method status="PASS" signature="CloseBrowser()[pri:0, instance:LoginPageTest@7e0e6aa2]" name="CloseBrowser" is-config="true" duration-ms="841" started-at="2023-04-16T23:04:01 BOT" finished-at="2023-04-16T23:04:02 BOT">
          <reporter-output>
          </reporter-output>
        </test-method> <!-- CloseBrowser -->
      </class> <!-- LoginPageTest -->
    </test> <!-- Command line test -->
  </suite> <!-- LoginPageTest -->
</testng-results>
